Info: Nothing to build for likedList
Info: Nothing to build for likedList
Info: Nothing to build for likedList
22:25:35 **** Incremental Build of configuration Debug for project likedList ****
Info: Internal Builder is used for build
gcc -O0 -g3 -Wall -c -fmessage-length=0 -o "src\\main.o" "..\\src\\main.c" 
gcc -o likedList "src\\LinkedList.o" "src\\main.o" "testing\\src\\Employee.o" "testing\\src\\addNodeTest.o" "testing\\src\\addTest.o" "testing\\src\\clearTest.o" "testing\\src\\cloneTest.o" "testing\\src\\containsAllTest.o" "testing\\src\\containsTest.o" "testing\\src\\deleteLinkedListTest.o" "testing\\src\\getNodeTest.o" "testing\\src\\getTest.o" "testing\\src\\indexOfTest.o" "testing\\src\\isEmptyTest.o" "testing\\src\\lenTest.o" "testing\\src\\main_test.o" "testing\\src\\newTest.o" "testing\\src\\popTest.o" "testing\\src\\pushTest.o" "testing\\src\\removeTest.o" "testing\\src\\setTest.o" "testing\\src\\sortTest.o" "testing\\src\\subListTest.o" "testing\\utest.o" 
Info: Nothing to build for likedList
22:25:56 **** Incremental Build of configuration Debug for project likedList ****
Info: Internal Builder is used for build
gcc -O0 -g3 -Wall -c -fmessage-length=0 -o "src\\main.o" "..\\src\\main.c" 
gcc -o likedList "src\\LinkedList.o" "src\\main.o" "testing\\src\\Employee.o" "testing\\src\\addNodeTest.o" "testing\\src\\addTest.o" "testing\\src\\clearTest.o" "testing\\src\\cloneTest.o" "testing\\src\\containsAllTest.o" "testing\\src\\containsTest.o" "testing\\src\\deleteLinkedListTest.o" "testing\\src\\getNodeTest.o" "testing\\src\\getTest.o" "testing\\src\\indexOfTest.o" "testing\\src\\isEmptyTest.o" "testing\\src\\lenTest.o" "testing\\src\\main_test.o" "testing\\src\\newTest.o" "testing\\src\\popTest.o" "testing\\src\\pushTest.o" "testing\\src\\removeTest.o" "testing\\src\\setTest.o" "testing\\src\\sortTest.o" "testing\\src\\subListTest.o" "testing\\utest.o" 
Info: Nothing to build for likedList
22:26:21 **** Incremental Build of configuration Debug for project likedList ****
Info: Internal Builder is used for build
gcc -O0 -g3 -Wall -c -fmessage-length=0 -o "src\\main.o" "..\\src\\main.c" 
gcc -o likedList "src\\LinkedList.o" "src\\main.o" "testing\\src\\Employee.o" "testing\\src\\addNodeTest.o" "testing\\src\\addTest.o" "testing\\src\\clearTest.o" "testing\\src\\cloneTest.o" "testing\\src\\containsAllTest.o" "testing\\src\\containsTest.o" "testing\\src\\deleteLinkedListTest.o" "testing\\src\\getNodeTest.o" "testing\\src\\getTest.o" "testing\\src\\indexOfTest.o" "testing\\src\\isEmptyTest.o" "testing\\src\\lenTest.o" "testing\\src\\main_test.o" "testing\\src\\newTest.o" "testing\\src\\popTest.o" "testing\\src\\pushTest.o" "testing\\src\\removeTest.o" "testing\\src\\setTest.o" "testing\\src\\sortTest.o" "testing\\src\\subListTest.o" "testing\\utest.o" 
Info: Nothing to build for likedList
22:26:40 **** Incremental Build of configuration Debug for project likedList ****
Info: Internal Builder is used for build
gcc -O0 -g3 -Wall -c -fmessage-length=0 -o "src\\main.o" "..\\src\\main.c" 
gcc -o likedList "src\\LinkedList.o" "src\\main.o" "testing\\src\\Employee.o" "testing\\src\\addNodeTest.o" "testing\\src\\addTest.o" "testing\\src\\clearTest.o" "testing\\src\\cloneTest.o" "testing\\src\\containsAllTest.o" "testing\\src\\containsTest.o" "testing\\src\\deleteLinkedListTest.o" "testing\\src\\getNodeTest.o" "testing\\src\\getTest.o" "testing\\src\\indexOfTest.o" "testing\\src\\isEmptyTest.o" "testing\\src\\lenTest.o" "testing\\src\\main_test.o" "testing\\src\\newTest.o" "testing\\src\\popTest.o" "testing\\src\\pushTest.o" "testing\\src\\removeTest.o" "testing\\src\\setTest.o" "testing\\src\\sortTest.o" "testing\\src\\subListTest.o" "testing\\utest.o" 
Info: Nothing to build for likedList
22:26:57 **** Incremental Build of configuration Debug for project likedList ****
Info: Internal Builder is used for build
gcc -O0 -g3 -Wall -c -fmessage-length=0 -o "src\\main.o" "..\\src\\main.c" 
gcc -o likedList "src\\LinkedList.o" "src\\main.o" "testing\\src\\Employee.o" "testing\\src\\addNodeTest.o" "testing\\src\\addTest.o" "testing\\src\\clearTest.o" "testing\\src\\cloneTest.o" "testing\\src\\containsAllTest.o" "testing\\src\\containsTest.o" "testing\\src\\deleteLinkedListTest.o" "testing\\src\\getNodeTest.o" "testing\\src\\getTest.o" "testing\\src\\indexOfTest.o" "testing\\src\\isEmptyTest.o" "testing\\src\\lenTest.o" "testing\\src\\main_test.o" "testing\\src\\newTest.o" "testing\\src\\popTest.o" "testing\\src\\pushTest.o" "testing\\src\\removeTest.o" "testing\\src\\setTest.o" "testing\\src\\sortTest.o" "testing\\src\\subListTest.o" "testing\\utest.o" 
Info: Nothing to build for likedList
22:27:15 **** Incremental Build of configuration Debug for project likedList ****
Info: Internal Builder is used for build
gcc -O0 -g3 -Wall -c -fmessage-length=0 -o "src\\main.o" "..\\src\\main.c" 
gcc -o likedList "src\\LinkedList.o" "src\\main.o" "testing\\src\\Employee.o" "testing\\src\\addNodeTest.o" "testing\\src\\addTest.o" "testing\\src\\clearTest.o" "testing\\src\\cloneTest.o" "testing\\src\\containsAllTest.o" "testing\\src\\containsTest.o" "testing\\src\\deleteLinkedListTest.o" "testing\\src\\getNodeTest.o" "testing\\src\\getTest.o" "testing\\src\\indexOfTest.o" "testing\\src\\isEmptyTest.o" "testing\\src\\lenTest.o" "testing\\src\\main_test.o" "testing\\src\\newTest.o" "testing\\src\\popTest.o" "testing\\src\\pushTest.o" "testing\\src\\removeTest.o" "testing\\src\\setTest.o" "testing\\src\\sortTest.o" "testing\\src\\subListTest.o" "testing\\utest.o" 
Info: Nothing to build for likedList
22:27:34 **** Incremental Build of configuration Debug for project likedList ****
Info: Internal Builder is used for build
gcc -O0 -g3 -Wall -c -fmessage-length=0 -o "src\\main.o" "..\\src\\main.c" 
gcc -o likedList "src\\LinkedList.o" "src\\main.o" "testing\\src\\Employee.o" "testing\\src\\addNodeTest.o" "testing\\src\\addTest.o" "testing\\src\\clearTest.o" "testing\\src\\cloneTest.o" "testing\\src\\containsAllTest.o" "testing\\src\\containsTest.o" "testing\\src\\deleteLinkedListTest.o" "testing\\src\\getNodeTest.o" "testing\\src\\getTest.o" "testing\\src\\indexOfTest.o" "testing\\src\\isEmptyTest.o" "testing\\src\\lenTest.o" "testing\\src\\main_test.o" "testing\\src\\newTest.o" "testing\\src\\popTest.o" "testing\\src\\pushTest.o" "testing\\src\\removeTest.o" "testing\\src\\setTest.o" "testing\\src\\sortTest.o" "testing\\src\\subListTest.o" "testing\\utest.o" 
Info: Nothing to build for likedList
22:27:52 **** Incremental Build of configuration Debug for project likedList ****
Info: Internal Builder is used for build
gcc -O0 -g3 -Wall -c -fmessage-length=0 -o "src\\main.o" "..\\src\\main.c" 
gcc -o likedList "src\\LinkedList.o" "src\\main.o" "testing\\src\\Employee.o" "testing\\src\\addNodeTest.o" "testing\\src\\addTest.o" "testing\\src\\clearTest.o" "testing\\src\\cloneTest.o" "testing\\src\\containsAllTest.o" "testing\\src\\containsTest.o" "testing\\src\\deleteLinkedListTest.o" "testing\\src\\getNodeTest.o" "testing\\src\\getTest.o" "testing\\src\\indexOfTest.o" "testing\\src\\isEmptyTest.o" "testing\\src\\lenTest.o" "testing\\src\\main_test.o" "testing\\src\\newTest.o" "testing\\src\\popTest.o" "testing\\src\\pushTest.o" "testing\\src\\removeTest.o" "testing\\src\\setTest.o" "testing\\src\\sortTest.o" "testing\\src\\subListTest.o" "testing\\utest.o" 
Info: Nothing to build for likedList
22:28:21 **** Incremental Build of configuration Debug for project likedList ****
Info: Internal Builder is used for build
gcc -O0 -g3 -Wall -c -fmessage-length=0 -o "src\\main.o" "..\\src\\main.c" 
gcc -o likedList "src\\LinkedList.o" "src\\main.o" "testing\\src\\Employee.o" "testing\\src\\addNodeTest.o" "testing\\src\\addTest.o" "testing\\src\\clearTest.o" "testing\\src\\cloneTest.o" "testing\\src\\containsAllTest.o" "testing\\src\\containsTest.o" "testing\\src\\deleteLinkedListTest.o" "testing\\src\\getNodeTest.o" "testing\\src\\getTest.o" "testing\\src\\indexOfTest.o" "testing\\src\\isEmptyTest.o" "testing\\src\\lenTest.o" "testing\\src\\main_test.o" "testing\\src\\newTest.o" "testing\\src\\popTest.o" "testing\\src\\pushTest.o" "testing\\src\\removeTest.o" "testing\\src\\setTest.o" "testing\\src\\sortTest.o" "testing\\src\\subListTest.o" "testing\\utest.o" 
Info: Nothing to build for likedList
22:28:44 **** Incremental Build of configuration Debug for project likedList ****
Info: Internal Builder is used for build
gcc -O0 -g3 -Wall -c -fmessage-length=0 -o "src\\main.o" "..\\src\\main.c" 
gcc -o likedList "src\\LinkedList.o" "src\\main.o" "testing\\src\\Employee.o" "testing\\src\\addNodeTest.o" "testing\\src\\addTest.o" "testing\\src\\clearTest.o" "testing\\src\\cloneTest.o" "testing\\src\\containsAllTest.o" "testing\\src\\containsTest.o" "testing\\src\\deleteLinkedListTest.o" "testing\\src\\getNodeTest.o" "testing\\src\\getTest.o" "testing\\src\\indexOfTest.o" "testing\\src\\isEmptyTest.o" "testing\\src\\lenTest.o" "testing\\src\\main_test.o" "testing\\src\\newTest.o" "testing\\src\\popTest.o" "testing\\src\\pushTest.o" "testing\\src\\removeTest.o" "testing\\src\\setTest.o" "testing\\src\\sortTest.o" "testing\\src\\subListTest.o" "testing\\utest.o" 
Info: Nothing to build for likedList
22:29:15 **** Incremental Build of configuration Debug for project likedList ****
Info: Internal Builder is used for build
gcc -O0 -g3 -Wall -c -fmessage-length=0 -o "src\\main.o" "..\\src\\main.c" 
gcc -o likedList "src\\LinkedList.o" "src\\main.o" "testing\\src\\Employee.o" "testing\\src\\addNodeTest.o" "testing\\src\\addTest.o" "testing\\src\\clearTest.o" "testing\\src\\cloneTest.o" "testing\\src\\containsAllTest.o" "testing\\src\\containsTest.o" "testing\\src\\deleteLinkedListTest.o" "testing\\src\\getNodeTest.o" "testing\\src\\getTest.o" "testing\\src\\indexOfTest.o" "testing\\src\\isEmptyTest.o" "testing\\src\\lenTest.o" "testing\\src\\main_test.o" "testing\\src\\newTest.o" "testing\\src\\popTest.o" "testing\\src\\pushTest.o" "testing\\src\\removeTest.o" "testing\\src\\setTest.o" "testing\\src\\sortTest.o" "testing\\src\\subListTest.o" "testing\\utest.o" 
Info: Nothing to build for likedList
22:29:48 **** Incremental Build of configuration Debug for project likedList ****
Info: Internal Builder is used for build
gcc -O0 -g3 -Wall -c -fmessage-length=0 -o "src\\main.o" "..\\src\\main.c" 
gcc -o likedList "src\\LinkedList.o" "src\\main.o" "testing\\src\\Employee.o" "testing\\src\\addNodeTest.o" "testing\\src\\addTest.o" "testing\\src\\clearTest.o" "testing\\src\\cloneTest.o" "testing\\src\\containsAllTest.o" "testing\\src\\containsTest.o" "testing\\src\\deleteLinkedListTest.o" "testing\\src\\getNodeTest.o" "testing\\src\\getTest.o" "testing\\src\\indexOfTest.o" "testing\\src\\isEmptyTest.o" "testing\\src\\lenTest.o" "testing\\src\\main_test.o" "testing\\src\\newTest.o" "testing\\src\\popTest.o" "testing\\src\\pushTest.o" "testing\\src\\removeTest.o" "testing\\src\\setTest.o" "testing\\src\\sortTest.o" "testing\\src\\subListTest.o" "testing\\utest.o" 
Info: Nothing to build for likedList
22:30:05 **** Incremental Build of configuration Debug for project likedList ****
Info: Internal Builder is used for build
gcc -O0 -g3 -Wall -c -fmessage-length=0 -o "src\\main.o" "..\\src\\main.c" 
gcc -o likedList "src\\LinkedList.o" "src\\main.o" "testing\\src\\Employee.o" "testing\\src\\addNodeTest.o" "testing\\src\\addTest.o" "testing\\src\\clearTest.o" "testing\\src\\cloneTest.o" "testing\\src\\containsAllTest.o" "testing\\src\\containsTest.o" "testing\\src\\deleteLinkedListTest.o" "testing\\src\\getNodeTest.o" "testing\\src\\getTest.o" "testing\\src\\indexOfTest.o" "testing\\src\\isEmptyTest.o" "testing\\src\\lenTest.o" "testing\\src\\main_test.o" "testing\\src\\newTest.o" "testing\\src\\popTest.o" "testing\\src\\pushTest.o" "testing\\src\\removeTest.o" "testing\\src\\setTest.o" "testing\\src\\sortTest.o" "testing\\src\\subListTest.o" "testing\\utest.o" 
Info: Nothing to build for likedList
22:30:32 **** Incremental Build of configuration Debug for project likedList ****
Info: Internal Builder is used for build
gcc -O0 -g3 -Wall -c -fmessage-length=0 -o "src\\main.o" "..\\src\\main.c" 
gcc -o likedList "src\\LinkedList.o" "src\\main.o" "testing\\src\\Employee.o" "testing\\src\\addNodeTest.o" "testing\\src\\addTest.o" "testing\\src\\clearTest.o" "testing\\src\\cloneTest.o" "testing\\src\\containsAllTest.o" "testing\\src\\containsTest.o" "testing\\src\\deleteLinkedListTest.o" "testing\\src\\getNodeTest.o" "testing\\src\\getTest.o" "testing\\src\\indexOfTest.o" "testing\\src\\isEmptyTest.o" "testing\\src\\lenTest.o" "testing\\src\\main_test.o" "testing\\src\\newTest.o" "testing\\src\\popTest.o" "testing\\src\\pushTest.o" "testing\\src\\removeTest.o" "testing\\src\\setTest.o" "testing\\src\\sortTest.o" "testing\\src\\subListTest.o" "testing\\utest.o" 
Info: Nothing to build for likedList
22:30:53 **** Incremental Build of configuration Debug for project likedList ****
Info: Internal Builder is used for build
gcc -O0 -g3 -Wall -c -fmessage-length=0 -o "src\\main.o" "..\\src\\main.c" 
gcc -o likedList "src\\LinkedList.o" "src\\main.o" "testing\\src\\Employee.o" "testing\\src\\addNodeTest.o" "testing\\src\\addTest.o" "testing\\src\\clearTest.o" "testing\\src\\cloneTest.o" "testing\\src\\containsAllTest.o" "testing\\src\\containsTest.o" "testing\\src\\deleteLinkedListTest.o" "testing\\src\\getNodeTest.o" "testing\\src\\getTest.o" "testing\\src\\indexOfTest.o" "testing\\src\\isEmptyTest.o" "testing\\src\\lenTest.o" "testing\\src\\main_test.o" "testing\\src\\newTest.o" "testing\\src\\popTest.o" "testing\\src\\pushTest.o" "testing\\src\\removeTest.o" "testing\\src\\setTest.o" "testing\\src\\sortTest.o" "testing\\src\\subListTest.o" "testing\\utest.o" 
22:31:05 **** Incremental Build of configuration Debug for project likedList ****
Info: Internal Builder is used for build
gcc -O0 -g3 -Wall -c -fmessage-length=0 -o "src\\main.o" "..\\src\\main.c" 
gcc -o likedList "src\\LinkedList.o" "src\\main.o" "testing\\src\\Employee.o" "testing\\src\\addNodeTest.o" "testing\\src\\addTest.o" "testing\\src\\clearTest.o" "testing\\src\\cloneTest.o" "testing\\src\\containsAllTest.o" "testing\\src\\containsTest.o" "testing\\src\\deleteLinkedListTest.o" "testing\\src\\getNodeTest.o" "testing\\src\\getTest.o" "testing\\src\\indexOfTest.o" "testing\\src\\isEmptyTest.o" "testing\\src\\lenTest.o" "testing\\src\\main_test.o" "testing\\src\\newTest.o" "testing\\src\\popTest.o" "testing\\src\\pushTest.o" "testing\\src\\removeTest.o" "testing\\src\\setTest.o" "testing\\src\\sortTest.o" "testing\\src\\subListTest.o" "testing\\utest.o" 
Info: Nothing to build for likedList
22:31:27 **** Incremental Build of configuration Debug for project likedList ****
Info: Internal Builder is used for build
gcc -O0 -g3 -Wall -c -fmessage-length=0 -o "src\\main.o" "..\\src\\main.c" 
gcc -o likedList "src\\LinkedList.o" "src\\main.o" "testing\\src\\Employee.o" "testing\\src\\addNodeTest.o" "testing\\src\\addTest.o" "testing\\src\\clearTest.o" "testing\\src\\cloneTest.o" "testing\\src\\containsAllTest.o" "testing\\src\\containsTest.o" "testing\\src\\deleteLinkedListTest.o" "testing\\src\\getNodeTest.o" "testing\\src\\getTest.o" "testing\\src\\indexOfTest.o" "testing\\src\\isEmptyTest.o" "testing\\src\\lenTest.o" "testing\\src\\main_test.o" "testing\\src\\newTest.o" "testing\\src\\popTest.o" "testing\\src\\pushTest.o" "testing\\src\\removeTest.o" "testing\\src\\setTest.o" "testing\\src\\sortTest.o" "testing\\src\\subListTest.o" "testing\\utest.o" 
Info: Nothing to build for likedList
22:31:53 **** Incremental Build of configuration Debug for project likedList ****
Info: Internal Builder is used for build
gcc -O0 -g3 -Wall -c -fmessage-length=0 -o "src\\main.o" "..\\src\\main.c" 
gcc -o likedList "src\\LinkedList.o" "src\\main.o" "testing\\src\\Employee.o" "testing\\src\\addNodeTest.o" "testing\\src\\addTest.o" "testing\\src\\clearTest.o" "testing\\src\\cloneTest.o" "testing\\src\\containsAllTest.o" "testing\\src\\containsTest.o" "testing\\src\\deleteLinkedListTest.o" "testing\\src\\getNodeTest.o" "testing\\src\\getTest.o" "testing\\src\\indexOfTest.o" "testing\\src\\isEmptyTest.o" "testing\\src\\lenTest.o" "testing\\src\\main_test.o" "testing\\src\\newTest.o" "testing\\src\\popTest.o" "testing\\src\\pushTest.o" "testing\\src\\removeTest.o" "testing\\src\\setTest.o" "testing\\src\\sortTest.o" "testing\\src\\subListTest.o" "testing\\utest.o" 
Info: Nothing to build for likedList
22:32:28 **** Incremental Build of configuration Debug for project likedList ****
Info: Internal Builder is used for build
gcc -O0 -g3 -Wall -c -fmessage-length=0 -o "src\\main.o" "..\\src\\main.c" 
gcc -o likedList "src\\LinkedList.o" "src\\main.o" "testing\\src\\Employee.o" "testing\\src\\addNodeTest.o" "testing\\src\\addTest.o" "testing\\src\\clearTest.o" "testing\\src\\cloneTest.o" "testing\\src\\containsAllTest.o" "testing\\src\\containsTest.o" "testing\\src\\deleteLinkedListTest.o" "testing\\src\\getNodeTest.o" "testing\\src\\getTest.o" "testing\\src\\indexOfTest.o" "testing\\src\\isEmptyTest.o" "testing\\src\\lenTest.o" "testing\\src\\main_test.o" "testing\\src\\newTest.o" "testing\\src\\popTest.o" "testing\\src\\pushTest.o" "testing\\src\\removeTest.o" "testing\\src\\setTest.o" "testing\\src\\sortTest.o" "testing\\src\\subListTest.o" "testing\\utest.o" 
Info: Nothing to build for likedList
22:32:46 **** Incremental Build of configuration Debug for project likedList ****
Info: Internal Builder is used for build
gcc -O0 -g3 -Wall -c -fmessage-length=0 -o "src\\main.o" "..\\src\\main.c" 
gcc -o likedList "src\\LinkedList.o" "src\\main.o" "testing\\src\\Employee.o" "testing\\src\\addNodeTest.o" "testing\\src\\addTest.o" "testing\\src\\clearTest.o" "testing\\src\\cloneTest.o" "testing\\src\\containsAllTest.o" "testing\\src\\containsTest.o" "testing\\src\\deleteLinkedListTest.o" "testing\\src\\getNodeTest.o" "testing\\src\\getTest.o" "testing\\src\\indexOfTest.o" "testing\\src\\isEmptyTest.o" "testing\\src\\lenTest.o" "testing\\src\\main_test.o" "testing\\src\\newTest.o" "testing\\src\\popTest.o" "testing\\src\\pushTest.o" "testing\\src\\removeTest.o" "testing\\src\\setTest.o" "testing\\src\\sortTest.o" "testing\\src\\subListTest.o" "testing\\utest.o" 
Info: Nothing to build for likedList
22:38:07 **** Incremental Build of configuration Debug for project likedList ****
Info: Internal Builder is used for build
gcc -O0 -g3 -Wall -c -fmessage-length=0 -o "src\\LinkedList.o" "..\\src\\LinkedList.c" 
gcc -O0 -g3 -Wall -c -fmessage-length=0 -o "src\\main.o" "..\\src\\main.c" 
gcc -o likedList "src\\LinkedList.o" "src\\main.o" "testing\\src\\Employee.o" "testing\\src\\addNodeTest.o" "testing\\src\\addTest.o" "testing\\src\\clearTest.o" "testing\\src\\cloneTest.o" "testing\\src\\containsAllTest.o" "testing\\src\\containsTest.o" "testing\\src\\deleteLinkedListTest.o" "testing\\src\\getNodeTest.o" "testing\\src\\getTest.o" "testing\\src\\indexOfTest.o" "testing\\src\\isEmptyTest.o" "testing\\src\\lenTest.o" "testing\\src\\main_test.o" "testing\\src\\newTest.o" "testing\\src\\popTest.o" "testing\\src\\pushTest.o" "testing\\src\\removeTest.o" "testing\\src\\setTest.o" "testing\\src\\sortTest.o" "testing\\src\\subListTest.o" "testing\\utest.o" 
22:40:11 **** Incremental Build of configuration Debug for project likedList ****
Info: Internal Builder is used for build
gcc -O0 -g3 -Wall -c -fmessage-length=0 -o "src\\LinkedList.o" "..\\src\\LinkedList.c" 
gcc -O0 -g3 -Wall -c -fmessage-length=0 -o "src\\main.o" "..\\src\\main.c" 
gcc -o likedList "src\\LinkedList.o" "src\\main.o" "testing\\src\\Employee.o" "testing\\src\\addNodeTest.o" "testing\\src\\addTest.o" "testing\\src\\clearTest.o" "testing\\src\\cloneTest.o" "testing\\src\\containsAllTest.o" "testing\\src\\containsTest.o" "testing\\src\\deleteLinkedListTest.o" "testing\\src\\getNodeTest.o" "testing\\src\\getTest.o" "testing\\src\\indexOfTest.o" "testing\\src\\isEmptyTest.o" "testing\\src\\lenTest.o" "testing\\src\\main_test.o" "testing\\src\\newTest.o" "testing\\src\\popTest.o" "testing\\src\\pushTest.o" "testing\\src\\removeTest.o" "testing\\src\\setTest.o" "testing\\src\\sortTest.o" "testing\\src\\subListTest.o" "testing\\utest.o" 
Info: Nothing to build for likedList
22:40:23 **** Incremental Build of configuration Debug for project likedList ****
Info: Internal Builder is used for build
gcc -O0 -g3 -Wall -c -fmessage-length=0 -o "src\\main.o" "..\\src\\main.c" 
gcc -o likedList "src\\LinkedList.o" "src\\main.o" "testing\\src\\Employee.o" "testing\\src\\addNodeTest.o" "testing\\src\\addTest.o" "testing\\src\\clearTest.o" "testing\\src\\cloneTest.o" "testing\\src\\containsAllTest.o" "testing\\src\\containsTest.o" "testing\\src\\deleteLinkedListTest.o" "testing\\src\\getNodeTest.o" "testing\\src\\getTest.o" "testing\\src\\indexOfTest.o" "testing\\src\\isEmptyTest.o" "testing\\src\\lenTest.o" "testing\\src\\main_test.o" "testing\\src\\newTest.o" "testing\\src\\popTest.o" "testing\\src\\pushTest.o" "testing\\src\\removeTest.o" "testing\\src\\setTest.o" "testing\\src\\sortTest.o" "testing\\src\\subListTest.o" "testing\\utest.o" 
Info: Nothing to build for likedList
22:41:43 **** Incremental Build of configuration Debug for project likedList ****
Info: Internal Builder is used for build
gcc -O0 -g3 -Wall -c -fmessage-length=0 -o "src\\LinkedList.o" "..\\src\\LinkedList.c" 
gcc -O0 -g3 -Wall -c -fmessage-length=0 -o "src\\main.o" "..\\src\\main.c" 
gcc -o likedList "src\\LinkedList.o" "src\\main.o" "testing\\src\\Employee.o" "testing\\src\\addNodeTest.o" "testing\\src\\addTest.o" "testing\\src\\clearTest.o" "testing\\src\\cloneTest.o" "testing\\src\\containsAllTest.o" "testing\\src\\containsTest.o" "testing\\src\\deleteLinkedListTest.o" "testing\\src\\getNodeTest.o" "testing\\src\\getTest.o" "testing\\src\\indexOfTest.o" "testing\\src\\isEmptyTest.o" "testing\\src\\lenTest.o" "testing\\src\\main_test.o" "testing\\src\\newTest.o" "testing\\src\\popTest.o" "testing\\src\\pushTest.o" "testing\\src\\removeTest.o" "testing\\src\\setTest.o" "testing\\src\\sortTest.o" "testing\\src\\subListTest.o" "testing\\utest.o" 
Info: Nothing to build for likedList
22:42:22 **** Incremental Build of configuration Debug for project likedList ****
Info: Internal Builder is used for build
gcc -O0 -g3 -Wall -c -fmessage-length=0 -o "src\\main.o" "..\\src\\main.c" 
gcc -o likedList "src\\LinkedList.o" "src\\main.o" "testing\\src\\Employee.o" "testing\\src\\addNodeTest.o" "testing\\src\\addTest.o" "testing\\src\\clearTest.o" "testing\\src\\cloneTest.o" "testing\\src\\containsAllTest.o" "testing\\src\\containsTest.o" "testing\\src\\deleteLinkedListTest.o" "testing\\src\\getNodeTest.o" "testing\\src\\getTest.o" "testing\\src\\indexOfTest.o" "testing\\src\\isEmptyTest.o" "testing\\src\\lenTest.o" "testing\\src\\main_test.o" "testing\\src\\newTest.o" "testing\\src\\popTest.o" "testing\\src\\pushTest.o" "testing\\src\\removeTest.o" "testing\\src\\setTest.o" "testing\\src\\sortTest.o" "testing\\src\\subListTest.o" "testing\\utest.o" 
Info: Nothing to build for likedList
22:43:05 **** Incremental Build of configuration Debug for project likedList ****
Info: Internal Builder is used for build
gcc -O0 -g3 -Wall -c -fmessage-length=0 -o "src\\main.o" "..\\src\\main.c" 
gcc -o likedList "src\\LinkedList.o" "src\\main.o" "testing\\src\\Employee.o" "testing\\src\\addNodeTest.o" "testing\\src\\addTest.o" "testing\\src\\clearTest.o" "testing\\src\\cloneTest.o" "testing\\src\\containsAllTest.o" "testing\\src\\containsTest.o" "testing\\src\\deleteLinkedListTest.o" "testing\\src\\getNodeTest.o" "testing\\src\\getTest.o" "testing\\src\\indexOfTest.o" "testing\\src\\isEmptyTest.o" "testing\\src\\lenTest.o" "testing\\src\\main_test.o" "testing\\src\\newTest.o" "testing\\src\\popTest.o" "testing\\src\\pushTest.o" "testing\\src\\removeTest.o" "testing\\src\\setTest.o" "testing\\src\\sortTest.o" "testing\\src\\subListTest.o" "testing\\utest.o" 
Info: Nothing to build for likedList
22:44:09 **** Incremental Build of configuration Debug for project likedList ****
Info: Internal Builder is used for build
gcc -O0 -g3 -Wall -c -fmessage-length=0 -o "src\\main.o" "..\\src\\main.c" 
gcc -o likedList "src\\LinkedList.o" "src\\main.o" "testing\\src\\Employee.o" "testing\\src\\addNodeTest.o" "testing\\src\\addTest.o" "testing\\src\\clearTest.o" "testing\\src\\cloneTest.o" "testing\\src\\containsAllTest.o" "testing\\src\\containsTest.o" "testing\\src\\deleteLinkedListTest.o" "testing\\src\\getNodeTest.o" "testing\\src\\getTest.o" "testing\\src\\indexOfTest.o" "testing\\src\\isEmptyTest.o" "testing\\src\\lenTest.o" "testing\\src\\main_test.o" "testing\\src\\newTest.o" "testing\\src\\popTest.o" "testing\\src\\pushTest.o" "testing\\src\\removeTest.o" "testing\\src\\setTest.o" "testing\\src\\sortTest.o" "testing\\src\\subListTest.o" "testing\\utest.o" 
Info: Nothing to build for likedList
